This is pdfTeX, Version 3.14159265-2.6-1.40.16 (TeX Live 2015) (preloaded format=pdflatex 2015.5.24)  7 JAN 2016 22:03
entering extended mode
 restricted \write18 enabled.
 file:line:error style messages enabled.
 %&-line parsing enabled.
**flxgau.tex
(./flxgau.tex
LaTeX2e <2015/01/01>
Babel <3.9l> and hyphenation patterns for 79 languages loaded.

./flxgau.tex:1: LaTeX Error: \usepackage before \documentclass.

See the LaTeX manual or LaTeX Companion for explanation.
Type  H <return>  for immediate help.
 ...                                              
                                                  
l.1 \usepackage{
                tikz}
? r
OK, entering \nonstopmode...

./flxgau.tex:2: LaTeX Error: Environment tikzpicture undefined.

See the LaTeX manual or LaTeX Companion for explanation.
Type  H <return>  for immediate help.
 ...                                              
                                                  
l.2 \begin{tikzpicture}
                       
Your command was ignored.
Type  I <command> <return>  to replace it with another command,
or  <return>  to continue without it.

./flxgau.tex:3: Undefined control sequence.
l.3 \pgfdeclareplotmark
                       {cross} {
The control sequence at the end of the top line
of your error message was never \def'ed. If you have
misspelled it (e.g., `\hobx'), type `I' and the correct
spelling (e.g., `I\hbox'). Otherwise just continue,
and I'll forget about whatever was undefined.


./flxgau.tex:3: LaTeX Error: Missing \begin{document}.

See the LaTeX manual or LaTeX Companion for explanation.
Type  H <return>  for immediate help.
 ...                                              
                                                  
l.3 \pgfdeclareplotmark{c
                         ross} {
You're in trouble here.  Try typing  <return>  to proceed.
If that doesn't work, type  X <return>  to quit.

Missing character: There is no c in font nullfont!
Missing character: There is no r in font nullfont!
Missing character: There is no o in font nullfont!
Missing character: There is no s in font nullfont!
Missing character: There is no s in font nullfont!
./flxgau.tex:4: Undefined control sequence.
l.4 \pgfpathmoveto
                  {\pgfpoint{-0.3\pgfplotmarksize}{\pgfplotmarksize}}
The control sequence at the end of the top line
of your error message was never \def'ed. If you have
misspelled it (e.g., `\hobx'), type `I' and the correct
spelling (e.g., `I\hbox'). Otherwise just continue,
and I'll forget about whatever was undefined.

./flxgau.tex:4: Undefined control sequence.
l.4 \pgfpathmoveto{\pgfpoint
                            {-0.3\pgfplotmarksize}{\pgfplotmarksize}}
The control sequence at the end of the top line
of your error message was never \def'ed. If you have
misspelled it (e.g., `\hobx'), type `I' and the correct
spelling (e.g., `I\hbox'). Otherwise just continue,
and I'll forget about whatever was undefined.

Missing character: There is no - in font nullfont!
Missing character: There is no 0 in font nullfont!
Missing character: There is no . in font nullfont!
Missing character: There is no 3 in font nullfont!
./flxgau.tex:4: Undefined control sequence.
l.4 \pgfpathmoveto{\pgfpoint{-0.3\pgfplotmarksize
                                                 }{\pgfplotmarksize}}
The control sequence at the end of the top line
of your error message was never \def'ed. If you have
misspelled it (e.g., `\hobx'), type `I' and the correct
spelling (e.g., `I\hbox'). Otherwise just continue,
and I'll forget about whatever was undefined.

./flxgau.tex:4: Undefined control sequence.
l.4 ...oint{-0.3\pgfplotmarksize}{\pgfplotmarksize
                                                  }}
The control sequence at the end of the top line
of your error message was never \def'ed. If you have
misspelled it (e.g., `\hobx'), type `I' and the correct
spelling (e.g., `I\hbox'). Otherwise just continue,
and I'll forget about whatever was undefined.

./flxgau.tex:5: Undefined control sequence.
l.5 \pgfpathlineto
                  {\pgfpoint{+0.3\pgfplotmarksize}{\pgfplotmarksize}}
The control sequence at the end of the top line
of your error message was never \def'ed. If you have
misspelled it (e.g., `\hobx'), type `I' and the correct
spelling (e.g., `I\hbox'). Otherwise just continue,
and I'll forget about whatever was undefined.

./flxgau.tex:5: Undefined control sequence.
l.5 \pgfpathlineto{\pgfpoint
                            {+0.3\pgfplotmarksize}{\pgfplotmarksize}}
The control sequence at the end of the top line
of your error message was never \def'ed. If you have
misspelled it (e.g., `\hobx'), type `I' and the correct
spelling (e.g., `I\hbox'). Otherwise just continue,
and I'll forget about whatever was undefined.

Missing character: There is no + in font nullfont!
Missing character: There is no 0 in font nullfont!
Missing character: There is no . in font nullfont!
Missing character: There is no 3 in font nullfont!
./flxgau.tex:5: Undefined control sequence.
l.5 \pgfpathlineto{\pgfpoint{+0.3\pgfplotmarksize
                                                 }{\pgfplotmarksize}}
The control sequence at the end of the top line
of your error message was never \def'ed. If you have
misspelled it (e.g., `\hobx'), type `I' and the correct
spelling (e.g., `I\hbox'). Otherwise just continue,
and I'll forget about whatever was undefined.

./flxgau.tex:5: Undefined control sequence.
l.5 ...oint{+0.3\pgfplotmarksize}{\pgfplotmarksize
                                                  }}
The control sequence at the end of the top line
of your error message was never \def'ed. If you have
misspelled it (e.g., `\hobx'), type `I' and the correct
spelling (e.g., `I\hbox'). Otherwise just continue,
and I'll forget about whatever was undefined.

./flxgau.tex:6: Undefined control sequence.
l.6 \pgfpathlineto
                  {\pgfpoint{+0.3\pgfplotmarksize}{0.3\pgfplotmarksize}}
The control sequence at the end of the top line
of your error message was never \def'ed. If you have
misspelled it (e.g., `\hobx'), type `I' and the correct
spelling (e.g., `I\hbox'). Otherwise just continue,
and I'll forget about whatever was undefined.

./flxgau.tex:6: Undefined control sequence.
l.6 \pgfpathlineto{\pgfpoint
                            {+0.3\pgfplotmarksize}{0.3\pgfplotmarksize}}
The control sequence at the end of the top line
of your error message was never \def'ed. If you have
misspelled it (e.g., `\hobx'), type `I' and the correct
spelling (e.g., `I\hbox'). Otherwise just continue,
and I'll forget about whatever was undefined.

Missing character: There is no + in font nullfont!
Missing character: There is no 0 in font nullfont!
Missing character: There is no . in font nullfont!
Missing character: There is no 3 in font nullfont!
./flxgau.tex:6: Undefined control sequence.
l.6 \pgfpathlineto{\pgfpoint{+0.3\pgfplotmarksize
                                                 }{0.3\pgfplotmarksize}}
The control sequence at the end of the top line
of your error message was never \def'ed. If you have
misspelled it (e.g., `\hobx'), type `I' and the correct
spelling (e.g., `I\hbox'). Otherwise just continue,
and I'll forget about whatever was undefined.

Missing character: There is no 0 in font nullfont!
Missing character: There is no . in font nullfont!
Missing character: There is no 3 in font nullfont!
./flxgau.tex:6: Undefined control sequence.
l.6 ...t{+0.3\pgfplotmarksize}{0.3\pgfplotmarksize
                                                  }}
The control sequence at the end of the top line
of your error message was never \def'ed. If you have
misspelled it (e.g., `\hobx'), type `I' and the correct
spelling (e.g., `I\hbox'). Otherwise just continue,
and I'll forget about whatever was undefined.

./flxgau.tex:7: Undefined control sequence.
l.7 \pgfpathlineto
                  {\pgfpoint{+1\pgfplotmarksize}{0.3\pgfplotmarksize}}
The control sequence at the end of the top line
of your error message was never \def'ed. If you have
misspelled it (e.g., `\hobx'), type `I' and the correct
spelling (e.g., `I\hbox'). Otherwise just continue,
and I'll forget about whatever was undefined.

./flxgau.tex:7: Undefined control sequence.
l.7 \pgfpathlineto{\pgfpoint
                            {+1\pgfplotmarksize}{0.3\pgfplotmarksize}}
The control sequence at the end of the top line
of your error message was never \def'ed. If you have
misspelled it (e.g., `\hobx'), type `I' and the correct
spelling (e.g., `I\hbox'). Otherwise just continue,
and I'll forget about whatever was undefined.

Missing character: There is no + in font nullfont!
Missing character: There is no 1 in font nullfont!
./flxgau.tex:7: Undefined control sequence.
l.7 \pgfpathlineto{\pgfpoint{+1\pgfplotmarksize
                                               }{0.3\pgfplotmarksize}}
The control sequence at the end of the top line
of your error message was never \def'ed. If you have
misspelled it (e.g., `\hobx'), type `I' and the correct
spelling (e.g., `I\hbox'). Otherwise just continue,
and I'll forget about whatever was undefined.

Missing character: There is no 0 in font nullfont!
Missing character: There is no . in font nullfont!
Missing character: There is no 3 in font nullfont!
./flxgau.tex:7: Undefined control sequence.
l.7 ...int{+1\pgfplotmarksize}{0.3\pgfplotmarksize
                                                  }}
The control sequence at the end of the top line
of your error message was never \def'ed. If you have
misspelled it (e.g., `\hobx'), type `I' and the correct
spelling (e.g., `I\hbox'). Otherwise just continue,
and I'll forget about whatever was undefined.

./flxgau.tex:8: Undefined control sequence.
l.8 \pgfpathlineto
                  {\pgfpoint{+1\pgfplotmarksize}{-0.3\pgfplotmarksize}}
The control sequence at the end of the top line
of your error message was never \def'ed. If you have
misspelled it (e.g., `\hobx'), type `I' and the correct
spelling (e.g., `I\hbox'). Otherwise just continue,
and I'll forget about whatever was undefined.

./flxgau.tex:8: Undefined control sequence.
l.8 \pgfpathlineto{\pgfpoint
                            {+1\pgfplotmarksize}{-0.3\pgfplotmarksize}}
The control sequence at the end of the top line
of your error message was never \def'ed. If you have
misspelled it (e.g., `\hobx'), type `I' and the correct
spelling (e.g., `I\hbox'). Otherwise just continue,
and I'll forget about whatever was undefined.

Missing character: There is no + in font nullfont!
Missing character: There is no 1 in font nullfont!
./flxgau.tex:8: Undefined control sequence.
l.8 \pgfpathlineto{\pgfpoint{+1\pgfplotmarksize
                                               }{-0.3\pgfplotmarksize}}
The control sequence at the end of the top line
of your error message was never \def'ed. If you have
misspelled it (e.g., `\hobx'), type `I' and the correct
spelling (e.g., `I\hbox'). Otherwise just continue,
and I'll forget about whatever was undefined.

Missing character: There is no - in font nullfont!
Missing character: There is no 0 in font nullfont!
Missing character: There is no . in font nullfont!
Missing character: There is no 3 in font nullfont!
./flxgau.tex:8: Undefined control sequence.
l.8 ...nt{+1\pgfplotmarksize}{-0.3\pgfplotmarksize
                                                  }}
The control sequence at the end of the top line
of your error message was never \def'ed. If you have
misspelled it (e.g., `\hobx'), type `I' and the correct
spelling (e.g., `I\hbox'). Otherwise just continue,
and I'll forget about whatever was undefined.

./flxgau.tex:9: Undefined control sequence.
l.9 \pgfpathlineto
                  {\pgfpoint{+0.3\pgfplotmarksize}{-0.3\pgfplotmarksize}}
The control sequence at the end of the top line
of your error message was never \def'ed. If you have
misspelled it (e.g., `\hobx'), type `I' and the correct
spelling (e.g., `I\hbox'). Otherwise just continue,
and I'll forget about whatever was undefined.

./flxgau.tex:9: Undefined control sequence.
l.9 \pgfpathlineto{\pgfpoint
                            {+0.3\pgfplotmarksize}{-0.3\pgfplotmarksize}}
The control sequence at the end of the top line
of your error message was never \def'ed. If you have
misspelled it (e.g., `\hobx'), type `I' and the correct
spelling (e.g., `I\hbox'). Otherwise just continue,
and I'll forget about whatever was undefined.

Missing character: There is no + in font nullfont!
Missing character: There is no 0 in font nullfont!
Missing character: There is no . in font nullfont!
Missing character: There is no 3 in font nullfont!
./flxgau.tex:9: Undefined control sequence.
l.9 \pgfpathlineto{\pgfpoint{+0.3\pgfplotmarksize
                                                 }{-0.3\pgfplotmarksize}}
The control sequence at the end of the top line
of your error message was never \def'ed. If you have
misspelled it (e.g., `\hobx'), type `I' and the correct
spelling (e.g., `I\hbox'). Otherwise just continue,
and I'll forget about whatever was undefined.

Missing character: There is no - in font nullfont!
Missing character: There is no 0 in font nullfont!
Missing character: There is no . in font nullfont!
Missing character: There is no 3 in font nullfont!
./flxgau.tex:9: Undefined control sequence.
l.9 ...{+0.3\pgfplotmarksize}{-0.3\pgfplotmarksize
                                                  }}
The control sequence at the end of the top line
of your error message was never \def'ed. If you have
misspelled it (e.g., `\hobx'), type `I' and the correct
spelling (e.g., `I\hbox'). Otherwise just continue,
and I'll forget about whatever was undefined.

./flxgau.tex:10: Undefined control sequence.
l.10 \pgfpathlineto
                   {\pgfpoint{+0.3\pgfplotmarksize}{-1.\pgfplotmarksize}}
The control sequence at the end of the top line
of your error message was never \def'ed. If you have
misspelled it (e.g., `\hobx'), type `I' and the correct
spelling (e.g., `I\hbox'). Otherwise just continue,
and I'll forget about whatever was undefined.

./flxgau.tex:10: Undefined control sequence.
l.10 \pgfpathlineto{\pgfpoint
                             {+0.3\pgfplotmarksize}{-1.\pgfplotmarksize}}
The control sequence at the end of the top line
of your error message was never \def'ed. If you have
misspelled it (e.g., `\hobx'), type `I' and the correct
spelling (e.g., `I\hbox'). Otherwise just continue,
and I'll forget about whatever was undefined.

Missing character: There is no + in font nullfont!
Missing character: There is no 0 in font nullfont!
Missing character: There is no . in font nullfont!
Missing character: There is no 3 in font nullfont!
./flxgau.tex:10: Undefined control sequence.
l.10 \pgfpathlineto{\pgfpoint{+0.3\pgfplotmarksize
                                                  }{-1.\pgfplotmarksize}}
The control sequence at the end of the top line
of your error message was never \def'ed. If you have
misspelled it (e.g., `\hobx'), type `I' and the correct
spelling (e.g., `I\hbox'). Otherwise just continue,
and I'll forget about whatever was undefined.

Missing character: There is no - in font nullfont!
Missing character: There is no 1 in font nullfont!
Missing character: There is no . in font nullfont!
./flxgau.tex:10: Undefined control sequence.
l.10 ...{+0.3\pgfplotmarksize}{-1.\pgfplotmarksize
                                                  }}
The control sequence at the end of the top line
of your error message was never \def'ed. If you have
misspelled it (e.g., `\hobx'), type `I' and the correct
spelling (e.g., `I\hbox'). Otherwise just continue,
and I'll forget about whatever was undefined.

./flxgau.tex:11: Undefined control sequence.
l.11 \pgfpathlineto
                   {\pgfpoint{-0.3\pgfplotmarksize}{-1.\pgfplotmarksize}}
The control sequence at the end of the top line
of your error message was never \def'ed. If you have
misspelled it (e.g., `\hobx'), type `I' and the correct
spelling (e.g., `I\hbox'). Otherwise just continue,
and I'll forget about whatever was undefined.

./flxgau.tex:11: Undefined control sequence.
l.11 \pgfpathlineto{\pgfpoint
                             {-0.3\pgfplotmarksize}{-1.\pgfplotmarksize}}
The control sequence at the end of the top line
of your error message was never \def'ed. If you have
misspelled it (e.g., `\hobx'), type `I' and the correct
spelling (e.g., `I\hbox'). Otherwise just continue,
and I'll forget about whatever was undefined.

Missing character: There is no - in font nullfont!
Missing character: There is no 0 in font nullfont!
Missing character: There is no . in font nullfont!
Missing character: There is no 3 in font nullfont!
./flxgau.tex:11: Undefined control sequence.
l.11 \pgfpathlineto{\pgfpoint{-0.3\pgfplotmarksize
                                                  }{-1.\pgfplotmarksize}}
The control sequence at the end of the top line
of your error message was never \def'ed. If you have
misspelled it (e.g., `\hobx'), type `I' and the correct
spelling (e.g., `I\hbox'). Otherwise just continue,
and I'll forget about whatever was undefined.

Missing character: There is no - in font nullfont!
Missing character: There is no 1 in font nullfont!
Missing character: There is no . in font nullfont!
./flxgau.tex:11: Undefined control sequence.
l.11 ...{-0.3\pgfplotmarksize}{-1.\pgfplotmarksize
                                                  }}
The control sequence at the end of the top line
of your error message was never \def'ed. If you have
misspelled it (e.g., `\hobx'), type `I' and the correct
spelling (e.g., `I\hbox'). Otherwise just continue,
and I'll forget about whatever was undefined.

./flxgau.tex:12: Undefined control sequence.
l.12 \pgfpathlineto
                   {\pgfpoint{-0.3\pgfplotmarksize}{-0.3\pgfplotmarksize}}
The control sequence at the end of the top line
of your error message was never \def'ed. If you have
misspelled it (e.g., `\hobx'), type `I' and the correct
spelling (e.g., `I\hbox'). Otherwise just continue,
and I'll forget about whatever was undefined.

./flxgau.tex:12: Undefined control sequence.
l.12 \pgfpathlineto{\pgfpoint
                             {-0.3\pgfplotmarksize}{-0.3\pgfplotmarksize}}
The control sequence at the end of the top line
of your error message was never \def'ed. If you have
misspelled it (e.g., `\hobx'), type `I' and the correct
spelling (e.g., `I\hbox'). Otherwise just continue,
and I'll forget about whatever was undefined.

Missing character: There is no - in font nullfont!
Missing character: There is no 0 in font nullfont!
Missing character: There is no . in font nullfont!
Missing character: There is no 3 in font nullfont!
./flxgau.tex:12: Undefined control sequence.
l.12 \pgfpathlineto{\pgfpoint{-0.3\pgfplotmarksize
                                                  }{-0.3\pgfplotmarksize}}
The control sequence at the end of the top line
of your error message was never \def'ed. If you have
misspelled it (e.g., `\hobx'), type `I' and the correct
spelling (e.g., `I\hbox'). Otherwise just continue,
and I'll forget about whatever was undefined.

Missing character: There is no - in font nullfont!
Missing character: There is no 0 in font nullfont!
Missing character: There is no . in font nullfont!
Missing character: There is no 3 in font nullfont!
./flxgau.tex:12: Undefined control sequence.
l.12 ...-0.3\pgfplotmarksize}{-0.3\pgfplotmarksize
                                                  }}
The control sequence at the end of the top line
of your error message was never \def'ed. If you have
misspelled it (e.g., `\hobx'), type `I' and the correct
spelling (e.g., `I\hbox'). Otherwise just continue,
and I'll forget about whatever was undefined.

./flxgau.tex:13: Undefined control sequence.
l.13 \pgfpathlineto
                   {\pgfpoint{-1.\pgfplotmarksize}{-0.3\pgfplotmarksize}}
The control sequence at the end of the top line
of your error message was never \def'ed. If you have
misspelled it (e.g., `\hobx'), type `I' and the correct
spelling (e.g., `I\hbox'). Otherwise just continue,
and I'll forget about whatever was undefined.

./flxgau.tex:13: Undefined control sequence.
l.13 \pgfpathlineto{\pgfpoint
                             {-1.\pgfplotmarksize}{-0.3\pgfplotmarksize}}
The control sequence at the end of the top line
of your error message was never \def'ed. If you have
misspelled it (e.g., `\hobx'), type `I' and the correct
spelling (e.g., `I\hbox'). Otherwise just continue,
and I'll forget about whatever was undefined.

Missing character: There is no - in font nullfont!
Missing character: There is no 1 in font nullfont!
Missing character: There is no . in font nullfont!
./flxgau.tex:13: Undefined control sequence.
l.13 \pgfpathlineto{\pgfpoint{-1.\pgfplotmarksize
                                                 }{-0.3\pgfplotmarksize}}
The control sequence at the end of the top line
of your error message was never \def'ed. If you have
misspelled it (e.g., `\hobx'), type `I' and the correct
spelling (e.g., `I\hbox'). Otherwise just continue,
and I'll forget about whatever was undefined.

Missing character: There is no - in font nullfont!
Missing character: There is no 0 in font nullfont!
Missing character: There is no . in font nullfont!
Missing character: There is no 3 in font nullfont!
./flxgau.tex:13: Undefined control sequence.
l.13 ...{-1.\pgfplotmarksize}{-0.3\pgfplotmarksize
                                                  }}
The control sequence at the end of the top line
of your error message was never \def'ed. If you have
misspelled it (e.g., `\hobx'), type `I' and the correct
spelling (e.g., `I\hbox'). Otherwise just continue,
and I'll forget about whatever was undefined.

./flxgau.tex:14: Undefined control sequence.
l.14 \pgfpathlineto
                   {\pgfpoint{-1.\pgfplotmarksize}{0.3\pgfplotmarksize}}
The control sequence at the end of the top line
of your error message was never \def'ed. If you have
misspelled it (e.g., `\hobx'), type `I' and the correct
spelling (e.g., `I\hbox'). Otherwise just continue,
and I'll forget about whatever was undefined.

./flxgau.tex:14: Undefined control sequence.
l.14 \pgfpathlineto{\pgfpoint
                             {-1.\pgfplotmarksize}{0.3\pgfplotmarksize}}
The control sequence at the end of the top line
of your error message was never \def'ed. If you have
misspelled it (e.g., `\hobx'), type `I' and the correct
spelling (e.g., `I\hbox'). Otherwise just continue,
and I'll forget about whatever was undefined.

Missing character: There is no - in font nullfont!
Missing character: There is no 1 in font nullfont!
Missing character: There is no . in font nullfont!
./flxgau.tex:14: Undefined control sequence.
l.14 \pgfpathlineto{\pgfpoint{-1.\pgfplotmarksize
                                                 }{0.3\pgfplotmarksize}}
The control sequence at the end of the top line
of your error message was never \def'ed. If you have
misspelled it (e.g., `\hobx'), type `I' and the correct
spelling (e.g., `I\hbox'). Otherwise just continue,
and I'll forget about whatever was undefined.

Missing character: There is no 0 in font nullfont!
Missing character: There is no . in font nullfont!
Missing character: There is no 3 in font nullfont!
./flxgau.tex:14: Undefined control sequence.
l.14 ...t{-1.\pgfplotmarksize}{0.3\pgfplotmarksize
                                                  }}
The control sequence at the end of the top line
of your error message was never \def'ed. If you have
misspelled it (e.g., `\hobx'), type `I' and the correct
spelling (e.g., `I\hbox'). Otherwise just continue,
and I'll forget about whatever was undefined.

./flxgau.tex:15: Undefined control sequence.
l.15 \pgfpathlineto
                   {\pgfpoint{-0.3\pgfplotmarksize}{0.3\pgfplotmarksize}}
The control sequence at the end of the top line
of your error message was never \def'ed. If you have
misspelled it (e.g., `\hobx'), type `I' and the correct
spelling (e.g., `I\hbox'). Otherwise just continue,
and I'll forget about whatever was undefined.

./flxgau.tex:15: Undefined control sequence.
l.15 \pgfpathlineto{\pgfpoint
                             {-0.3\pgfplotmarksize}{0.3\pgfplotmarksize}}
The control sequence at the end of the top line
of your error message was never \def'ed. If you have
misspelled it (e.g., `\hobx'), type `I' and the correct
spelling (e.g., `I\hbox'). Otherwise just continue,
and I'll forget about whatever was undefined.

Missing character: There is no - in font nullfont!
Missing character: There is no 0 in font nullfont!
Missing character: There is no . in font nullfont!
Missing character: There is no 3 in font nullfont!
./flxgau.tex:15: Undefined control sequence.
l.15 \pgfpathlineto{\pgfpoint{-0.3\pgfplotmarksize
                                                  }{0.3\pgfplotmarksize}}
The control sequence at the end of the top line
of your error message was never \def'ed. If you have
misspelled it (e.g., `\hobx'), type `I' and the correct
spelling (e.g., `I\hbox'). Otherwise just continue,
and I'll forget about whatever was undefined.

Missing character: There is no 0 in font nullfont!
Missing character: There is no . in font nullfont!
Missing character: There is no 3 in font nullfont!
./flxgau.tex:15: Undefined control sequence.
l.15 ...{-0.3\pgfplotmarksize}{0.3\pgfplotmarksize
                                                  }}
The control sequence at the end of the top line
of your error message was never \def'ed. If you have
misspelled it (e.g., `\hobx'), type `I' and the correct
spelling (e.g., `I\hbox'). Otherwise just continue,
and I'll forget about whatever was undefined.

./flxgau.tex:16: Undefined control sequence.
l.16 \pgfpathclose
                  
The control sequence at the end of the top line
of your error message was never \def'ed. If you have
misspelled it (e.g., `\hobx'), type `I' and the correct
spelling (e.g., `I\hbox'). Otherwise just continue,
and I'll forget about whatever was undefined.

./flxgau.tex:17: Undefined control sequence.
l.17 \pgfusepathqstroke
                       
The control sequence at the end of the top line
of your error message was never \def'ed. If you have
misspelled it (e.g., `\hobx'), type `I' and the correct
spelling (e.g., `I\hbox'). Otherwise just continue,
and I'll forget about whatever was undefined.

./flxgau.tex:19: Undefined control sequence.
l.19 \pgfdeclareplotmark
                        {cross*} {
The control sequence at the end of the top line
of your error message was never \def'ed. If you have
misspelled it (e.g., `\hobx'), type `I' and the correct
spelling (e.g., `I\hbox'). Otherwise just continue,
and I'll forget about whatever was undefined.

Missing character: There is no c in font nullfont!
Missing character: There is no r in font nullfont!
Missing character: There is no o in font nullfont!
Missing character: There is no s in font nullfont!
Missing character: There is no s in font nullfont!
Missing character: There is no * in font nullfont!
./flxgau.tex:20: Undefined control sequence.
l.20 \pgfpathmoveto
                   {\pgfpoint{-0.3\pgfplotmarksize}{\pgfplotmarksize}}
The control sequence at the end of the top line
of your error message was never \def'ed. If you have
misspelled it (e.g., `\hobx'), type `I' and the correct
spelling (e.g., `I\hbox'). Otherwise just continue,
and I'll forget about whatever was undefined.

./flxgau.tex:20: Undefined control sequence.
l.20 \pgfpathmoveto{\pgfpoint
                             {-0.3\pgfplotmarksize}{\pgfplotmarksize}}
The control sequence at the end of the top line
of your error message was never \def'ed. If you have
misspelled it (e.g., `\hobx'), type `I' and the correct
spelling (e.g., `I\hbox'). Otherwise just continue,
and I'll forget about whatever was undefined.

Missing character: There is no - in font nullfont!
Missing character: There is no 0 in font nullfont!
Missing character: There is no . in font nullfont!
Missing character: There is no 3 in font nullfont!
./flxgau.tex:20: Undefined control sequence.
l.20 \pgfpathmoveto{\pgfpoint{-0.3\pgfplotmarksize
                                                  }{\pgfplotmarksize}}
The control sequence at the end of the top line
of your error message was never \def'ed. If you have
misspelled it (e.g., `\hobx'), type `I' and the correct
spelling (e.g., `I\hbox'). Otherwise just continue,
and I'll forget about whatever was undefined.

./flxgau.tex:20: Undefined control sequence.
l.20 ...int{-0.3\pgfplotmarksize}{\pgfplotmarksize
                                                  }}
The control sequence at the end of the top line
of your error message was never \def'ed. If you have
misspelled it (e.g., `\hobx'), type `I' and the correct
spelling (e.g., `I\hbox'). Otherwise just continue,
and I'll forget about whatever was undefined.

./flxgau.tex:21: Undefined control sequence.
l.21 \pgfpathlineto
                   {\pgfpoint{+0.3\pgfplotmarksize}{\pgfplotmarksize}}
The control sequence at the end of the top line
of your error message was never \def'ed. If you have
misspelled it (e.g., `\hobx'), type `I' and the correct
spelling (e.g., `I\hbox'). Otherwise just continue,
and I'll forget about whatever was undefined.

./flxgau.tex:21: Undefined control sequence.
l.21 \pgfpathlineto{\pgfpoint
                             {+0.3\pgfplotmarksize}{\pgfplotmarksize}}
The control sequence at the end of the top line
of your error message was never \def'ed. If you have
misspelled it (e.g., `\hobx'), type `I' and the correct
spelling (e.g., `I\hbox'). Otherwise just continue,
and I'll forget about whatever was undefined.

Missing character: There is no + in font nullfont!
Missing character: There is no 0 in font nullfont!
Missing character: There is no . in font nullfont!
Missing character: There is no 3 in font nullfont!
./flxgau.tex:21: Undefined control sequence.
l.21 \pgfpathlineto{\pgfpoint{+0.3\pgfplotmarksize
                                                  }{\pgfplotmarksize}}
The control sequence at the end of the top line
of your error message was never \def'ed. If you have
misspelled it (e.g., `\hobx'), type `I' and the correct
spelling (e.g., `I\hbox'). Otherwise just continue,
and I'll forget about whatever was undefined.

./flxgau.tex:21: Undefined control sequence.
l.21 ...int{+0.3\pgfplotmarksize}{\pgfplotmarksize
                                                  }}
The control sequence at the end of the top line
of your error message was never \def'ed. If you have
misspelled it (e.g., `\hobx'), type `I' and the correct
spelling (e.g., `I\hbox'). Otherwise just continue,
and I'll forget about whatever was undefined.

./flxgau.tex:22: Undefined control sequence.
l.22 \pgfpathlineto
                   {\pgfpoint{+0.3\pgfplotmarksize}{0.3\pgfplotmarksize}}
The control sequence at the end of the top line
of your error message was never \def'ed. If you have
misspelled it (e.g., `\hobx'), type `I' and the correct
spelling (e.g., `I\hbox'). Otherwise just continue,
and I'll forget about whatever was undefined.

./flxgau.tex:22: Undefined control sequence.
l.22 \pgfpathlineto{\pgfpoint
                             {+0.3\pgfplotmarksize}{0.3\pgfplotmarksize}}
The control sequence at the end of the top line
of your error message was never \def'ed. If you have
misspelled it (e.g., `\hobx'), type `I' and the correct
spelling (e.g., `I\hbox'). Otherwise just continue,
and I'll forget about whatever was undefined.

Missing character: There is no + in font nullfont!
Missing character: There is no 0 in font nullfont!
Missing character: There is no . in font nullfont!
Missing character: There is no 3 in font nullfont!
./flxgau.tex:22: Undefined control sequence.
l.22 \pgfpathlineto{\pgfpoint{+0.3\pgfplotmarksize
                                                  }{0.3\pgfplotmarksize}}
The control sequence at the end of the top line
of your error message was never \def'ed. If you have
misspelled it (e.g., `\hobx'), type `I' and the correct
spelling (e.g., `I\hbox'). Otherwise just continue,
and I'll forget about whatever was undefined.

Missing character: There is no 0 in font nullfont!
Missing character: There is no . in font nullfont!
Missing character: There is no 3 in font nullfont!
./flxgau.tex:22: Undefined control sequence.
l.22 ...{+0.3\pgfplotmarksize}{0.3\pgfplotmarksize
                                                  }}
The control sequence at the end of the top line
of your error message was never \def'ed. If you have
misspelled it (e.g., `\hobx'), type `I' and the correct
spelling (e.g., `I\hbox'). Otherwise just continue,
and I'll forget about whatever was undefined.

./flxgau.tex:23: Undefined control sequence.
l.23 \pgfpathlineto
                   {\pgfpoint{+1\pgfplotmarksize}{0.3\pgfplotmarksize}}
The control sequence at the end of the top line
of your error message was never \def'ed. If you have
misspelled it (e.g., `\hobx'), type `I' and the correct
spelling (e.g., `I\hbox'). Otherwise just continue,
and I'll forget about whatever was undefined.

./flxgau.tex:23: Undefined control sequence.
l.23 \pgfpathlineto{\pgfpoint
                             {+1\pgfplotmarksize}{0.3\pgfplotmarksize}}
The control sequence at the end of the top line
of your error message was never \def'ed. If you have
misspelled it (e.g., `\hobx'), type `I' and the correct
spelling (e.g., `I\hbox'). Otherwise just continue,
and I'll forget about whatever was undefined.

Missing character: There is no + in font nullfont!
Missing character: There is no 1 in font nullfont!
./flxgau.tex:23: Undefined control sequence.
l.23 \pgfpathlineto{\pgfpoint{+1\pgfplotmarksize
                                                }{0.3\pgfplotmarksize}}
The control sequence at the end of the top line
of your error message was never \def'ed. If you have
misspelled it (e.g., `\hobx'), type `I' and the correct
spelling (e.g., `I\hbox'). Otherwise just continue,
and I'll forget about whatever was undefined.

Missing character: There is no 0 in font nullfont!
Missing character: There is no . in font nullfont!
Missing character: There is no 3 in font nullfont!
./flxgau.tex:23: Undefined control sequence.
l.23 ...nt{+1\pgfplotmarksize}{0.3\pgfplotmarksize
                                                  }}
The control sequence at the end of the top line
of your error message was never \def'ed. If you have
misspelled it (e.g., `\hobx'), type `I' and the correct
spelling (e.g., `I\hbox'). Otherwise just continue,
and I'll forget about whatever was undefined.

./flxgau.tex:24: Undefined control sequence.
l.24 \pgfpathlineto
                   {\pgfpoint{+1\pgfplotmarksize}{-0.3\pgfplotmarksize}}
The control sequence at the end of the top line
of your error message was never \def'ed. If you have
misspelled it (e.g., `\hobx'), type `I' and the correct
spelling (e.g., `I\hbox'). Otherwise just continue,
and I'll forget about whatever was undefined.

./flxgau.tex:24: Undefined control sequence.
l.24 \pgfpathlineto{\pgfpoint
                             {+1\pgfplotmarksize}{-0.3\pgfplotmarksize}}
The control sequence at the end of the top line
of your error message was never \def'ed. If you have
misspelled it (e.g., `\hobx'), type `I' and the correct
spelling (e.g., `I\hbox'). Otherwise just continue,
and I'll forget about whatever was undefined.

Missing character: There is no + in font nullfont!
Missing character: There is no 1 in font nullfont!
./flxgau.tex:24: Undefined control sequence.
l.24 \pgfpathlineto{\pgfpoint{+1\pgfplotmarksize
                                                }{-0.3\pgfplotmarksize}}
The control sequence at the end of the top line
of your error message was never \def'ed. If you have
misspelled it (e.g., `\hobx'), type `I' and the correct
spelling (e.g., `I\hbox'). Otherwise just continue,
and I'll forget about whatever was undefined.

Missing character: There is no - in font nullfont!
Missing character: There is no 0 in font nullfont!
Missing character: There is no . in font nullfont!
Missing character: There is no 3 in font nullfont!
./flxgau.tex:24: Undefined control sequence.
l.24 ...t{+1\pgfplotmarksize}{-0.3\pgfplotmarksize
                                                  }}
The control sequence at the end of the top line
of your error message was never \def'ed. If you have
misspelled it (e.g., `\hobx'), type `I' and the correct
spelling (e.g., `I\hbox'). Otherwise just continue,
and I'll forget about whatever was undefined.

./flxgau.tex:25: Undefined control sequence.
l.25 \pgfpathlineto
                   {\pgfpoint{+0.3\pgfplotmarksize}{-0.3\pgfplotmarksize}}
The control sequence at the end of the top line
of your error message was never \def'ed. If you have
misspelled it (e.g., `\hobx'), type `I' and the correct
spelling (e.g., `I\hbox'). Otherwise just continue,
and I'll forget about whatever was undefined.

./flxgau.tex:25: Undefined control sequence.
l.25 \pgfpathlineto{\pgfpoint
                             {+0.3\pgfplotmarksize}{-0.3\pgfplotmarksize}}
The control sequence at the end of the top line
of your error message was never \def'ed. If you have
misspelled it (e.g., `\hobx'), type `I' and the correct
spelling (e.g., `I\hbox'). Otherwise just continue,
and I'll forget about whatever was undefined.

Missing character: There is no + in font nullfont!
Missing character: There is no 0 in font nullfont!
Missing character: There is no . in font nullfont!
Missing character: There is no 3 in font nullfont!
./flxgau.tex:25: Undefined control sequence.
l.25 \pgfpathlineto{\pgfpoint{+0.3\pgfplotmarksize
                                                  }{-0.3\pgfplotmarksize}}
The control sequence at the end of the top line
of your error message was never \def'ed. If you have
misspelled it (e.g., `\hobx'), type `I' and the correct
spelling (e.g., `I\hbox'). Otherwise just continue,
and I'll forget about whatever was undefined.

Missing character: There is no - in font nullfont!
Missing character: There is no 0 in font nullfont!
Missing character: There is no . in font nullfont!
Missing character: There is no 3 in font nullfont!
./flxgau.tex:25: Undefined control sequence.
l.25 ...+0.3\pgfplotmarksize}{-0.3\pgfplotmarksize
                                                  }}
The control sequence at the end of the top line
of your error message was never \def'ed. If you have
misspelled it (e.g., `\hobx'), type `I' and the correct
spelling (e.g., `I\hbox'). Otherwise just continue,
and I'll forget about whatever was undefined.

./flxgau.tex:26: Undefined control sequence.
l.26 \pgfpathlineto
                   {\pgfpoint{+0.3\pgfplotmarksize}{-1.\pgfplotmarksize}}
The control sequence at the end of the top line
of your error message was never \def'ed. If you have
misspelled it (e.g., `\hobx'), type `I' and the correct
spelling (e.g., `I\hbox'). Otherwise just continue,
and I'll forget about whatever was undefined.

./flxgau.tex:26: Undefined control sequence.
l.26 \pgfpathlineto{\pgfpoint
                             {+0.3\pgfplotmarksize}{-1.\pgfplotmarksize}}
The control sequence at the end of the top line
of your error message was never \def'ed. If you have
misspelled it (e.g., `\hobx'), type `I' and the correct
spelling (e.g., `I\hbox'). Otherwise just continue,
and I'll forget about whatever was undefined.

Missing character: There is no + in font nullfont!
Missing character: There is no 0 in font nullfont!
Missing character: There is no . in font nullfont!
Missing character: There is no 3 in font nullfont!
./flxgau.tex:26: Undefined control sequence.
l.26 \pgfpathlineto{\pgfpoint{+0.3\pgfplotmarksize
                                                  }{-1.\pgfplotmarksize}}
The control sequence at the end of the top line
of your error message was never \def'ed. If you have
misspelled it (e.g., `\hobx'), type `I' and the correct
spelling (e.g., `I\hbox'). Otherwise just continue,
and I'll forget about whatever was undefined.

Missing character: There is no - in font nullfont!
Missing character: There is no 1 in font nullfont!
Missing character: There is no . in font nullfont!
./flxgau.tex:26: Undefined control sequence.
l.26 ...{+0.3\pgfplotmarksize}{-1.\pgfplotmarksize
                                                  }}
The control sequence at the end of the top line
of your error message was never \def'ed. If you have
misspelled it (e.g., `\hobx'), type `I' and the correct
spelling (e.g., `I\hbox'). Otherwise just continue,
and I'll forget about whatever was undefined.

./flxgau.tex:27: Undefined control sequence.
l.27 \pgfpathlineto
                   {\pgfpoint{-0.3\pgfplotmarksize}{-1.\pgfplotmarksize}}
The control sequence at the end of the top line
of your error message was never \def'ed. If you have
misspelled it (e.g., `\hobx'), type `I' and the correct
spelling (e.g., `I\hbox'). Otherwise just continue,
and I'll forget about whatever was undefined.

./flxgau.tex:27: Undefined control sequence.
l.27 \pgfpathlineto{\pgfpoint
                             {-0.3\pgfplotmarksize}{-1.\pgfplotmarksize}}
The control sequence at the end of the top line
of your error message was never \def'ed. If you have
misspelled it (e.g., `\hobx'), type `I' and the correct
spelling (e.g., `I\hbox'). Otherwise just continue,
and I'll forget about whatever was undefined.

Missing character: There is no - in font nullfont!
Missing character: There is no 0 in font nullfont!
Missing character: There is no . in font nullfont!
Missing character: There is no 3 in font nullfont!
./flxgau.tex:27: Undefined control sequence.
l.27 \pgfpathlineto{\pgfpoint{-0.3\pgfplotmarksize
                                                  }{-1.\pgfplotmarksize}}
The control sequence at the end of the top line
of your error message was never \def'ed. If you have
misspelled it (e.g., `\hobx'), type `I' and the correct
spelling (e.g., `I\hbox'). Otherwise just continue,
and I'll forget about whatever was undefined.

Missing character: There is no - in font nullfont!
Missing character: There is no 1 in font nullfont!
Missing character: There is no . in font nullfont!
./flxgau.tex:27: Undefined control sequence.
l.27 ...{-0.3\pgfplotmarksize}{-1.\pgfplotmarksize
                                                  }}
The control sequence at the end of the top line
of your error message was never \def'ed. If you have
misspelled it (e.g., `\hobx'), type `I' and the correct
spelling (e.g., `I\hbox'). Otherwise just continue,
and I'll forget about whatever was undefined.

./flxgau.tex:28: Undefined control sequence.
l.28 \pgfpathlineto
                   {\pgfpoint{-0.3\pgfplotmarksize}{-0.3\pgfplotmarksize}}
The control sequence at the end of the top line
of your error message was never \def'ed. If you have
misspelled it (e.g., `\hobx'), type `I' and the correct
spelling (e.g., `I\hbox'). Otherwise just continue,
and I'll forget about whatever was undefined.

./flxgau.tex:28: Undefined control sequence.
l.28 \pgfpathlineto{\pgfpoint
                             {-0.3\pgfplotmarksize}{-0.3\pgfplotmarksize}}
The control sequence at the end of the top line
of your error message was never \def'ed. If you have
misspelled it (e.g., `\hobx'), type `I' and the correct
spelling (e.g., `I\hbox'). Otherwise just continue,
and I'll forget about whatever was undefined.

Missing character: There is no - in font nullfont!
Missing character: There is no 0 in font nullfont!
Missing character: There is no . in font nullfont!
Missing character: There is no 3 in font nullfont!
./flxgau.tex:28: Undefined control sequence.
l.28 \pgfpathlineto{\pgfpoint{-0.3\pgfplotmarksize
                                                  }{-0.3\pgfplotmarksize}}
The control sequence at the end of the top line
of your error message was never \def'ed. If you have
misspelled it (e.g., `\hobx'), type `I' and the correct
spelling (e.g., `I\hbox'). Otherwise just continue,
and I'll forget about whatever was undefined.

Missing character: There is no - in font nullfont!
Missing character: There is no 0 in font nullfont!
Missing character: There is no . in font nullfont!
Missing character: There is no 3 in font nullfont!
./flxgau.tex:28: Undefined control sequence.
l.28 ...-0.3\pgfplotmarksize}{-0.3\pgfplotmarksize
                                                  }}
The control sequence at the end of the top line
of your error message was never \def'ed. If you have
misspelled it (e.g., `\hobx'), type `I' and the correct
spelling (e.g., `I\hbox'). Otherwise just continue,
and I'll forget about whatever was undefined.

./flxgau.tex:29: Undefined control sequence.
l.29 \pgfpathlineto
                   {\pgfpoint{-1.\pgfplotmarksize}{-0.3\pgfplotmarksize}}
The control sequence at the end of the top line
of your error message was never \def'ed. If you have
misspelled it (e.g., `\hobx'), type `I' and the correct
spelling (e.g., `I\hbox'). Otherwise just continue,
and I'll forget about whatever was undefined.

./flxgau.tex:29: Undefined control sequence.
l.29 \pgfpathlineto{\pgfpoint
                             {-1.\pgfplotmarksize}{-0.3\pgfplotmarksize}}
The control sequence at the end of the top line
of your error message was never \def'ed. If you have
misspelled it (e.g., `\hobx'), type `I' and the correct
spelling (e.g., `I\hbox'). Otherwise just continue,
and I'll forget about whatever was undefined.

Missing character: There is no - in font nullfont!
Missing character: There is no 1 in font nullfont!
Missing character: There is no . in font nullfont!
./flxgau.tex:29: Undefined control sequence.
l.29 \pgfpathlineto{\pgfpoint{-1.\pgfplotmarksize
                                                 }{-0.3\pgfplotmarksize}}
The control sequence at the end of the top line
of your error message was never \def'ed. If you have
misspelled it (e.g., `\hobx'), type `I' and the correct
spelling (e.g., `I\hbox'). Otherwise just continue,
and I'll forget about whatever was undefined.

Missing character: There is no - in font nullfont!
Missing character: There is no 0 in font nullfont!
Missing character: There is no . in font nullfont!
Missing character: There is no 3 in font nullfont!
./flxgau.tex:29: Undefined control sequence.
l.29 ...{-1.\pgfplotmarksize}{-0.3\pgfplotmarksize
                                                  }}
The control sequence at the end of the top line
of your error message was never \def'ed. If you have
misspelled it (e.g., `\hobx'), type `I' and the correct
spelling (e.g., `I\hbox'). Otherwise just continue,
and I'll forget about whatever was undefined.

./flxgau.tex:30: Undefined control sequence.
l.30 \pgfpathlineto
                   {\pgfpoint{-1.\pgfplotmarksize}{0.3\pgfplotmarksize}}
The control sequence at the end of the top line
of your error message was never \def'ed. If you have
misspelled it (e.g., `\hobx'), type `I' and the correct
spelling (e.g., `I\hbox'). Otherwise just continue,
and I'll forget about whatever was undefined.

./flxgau.tex:30: Undefined control sequence.
l.30 \pgfpathlineto{\pgfpoint
                             {-1.\pgfplotmarksize}{0.3\pgfplotmarksize}}
The control sequence at the end of the top line
of your error message was never \def'ed. If you have
misspelled it (e.g., `\hobx'), type `I' and the correct
spelling (e.g., `I\hbox'). Otherwise just continue,
and I'll forget about whatever was undefined.

Missing character: There is no - in font nullfont!
Missing character: There is no 1 in font nullfont!
Missing character: There is no . in font nullfont!
./flxgau.tex:30: Undefined control sequence.
l.30 \pgfpathlineto{\pgfpoint{-1.\pgfplotmarksize
                                                 }{0.3\pgfplotmarksize}}
The control sequence at the end of the top line
of your error message was never \def'ed. If you have
misspelled it (e.g., `\hobx'), type `I' and the correct
spelling (e.g., `I\hbox'). Otherwise just continue,
and I'll forget about whatever was undefined.

Missing character: There is no 0 in font nullfont!
Missing character: There is no . in font nullfont!
Missing character: There is no 3 in font nullfont!
./flxgau.tex:30: Undefined control sequence.
l.30 ...t{-1.\pgfplotmarksize}{0.3\pgfplotmarksize
                                                  }}
The control sequence at the end of the top line
of your error message was never \def'ed. If you have
misspelled it (e.g., `\hobx'), type `I' and the correct
spelling (e.g., `I\hbox'). Otherwise just continue,
and I'll forget about whatever was undefined.

./flxgau.tex:31: Undefined control sequence.
l.31 \pgfpathlineto
                   {\pgfpoint{-0.3\pgfplotmarksize}{0.3\pgfplotmarksize}}
The control sequence at the end of the top line
of your error message was never \def'ed. If you have
misspelled it (e.g., `\hobx'), type `I' and the correct
spelling (e.g., `I\hbox'). Otherwise just continue,
and I'll forget about whatever was undefined.

./flxgau.tex:31: Undefined control sequence.
l.31 \pgfpathlineto{\pgfpoint
                             {-0.3\pgfplotmarksize}{0.3\pgfplotmarksize}}
(That makes 100 errors; please try again.) 
Here is how much of TeX's memory you used:
 6 strings out of 493089
 134 string characters out of 6134842
 53199 words of memory out of 5000000
 3591 multiletter control sequences out of 15000+600000
 3640 words of font info for 14 fonts, out of 8000000 for 9000
 1141 hyphenation exceptions out of 8191
 5i,0n,5p,82b,18s stack positions out of 5000i,500n,10000p,200000b,80000s

./flxgau.tex:31:  ==> Fatal error occurred, no output PDF file produced!
